[2023-11-23 01:52:52 [32minfo[39m]: Starting the testsuite execution
[2023-11-23 01:52:52 [32minfo[39m]: Starting "chrome" browser for test execution
[2023-11-23 01:52:53 [32minfo[39m]: Executing scenario: "Verify Single Borrower Calculation"
[2023-11-23 01:52:53 [32minfo[39m]: Launch the application
[2023-11-23 01:54:01 [32minfo[39m]: Application launched successfully
[2023-11-23 01:54:01 [32minfo[39m]: The status of the test case is:= FAILED
[2023-11-23 01:54:02 [32minfo[39m]: Executing scenario: "Start Joint Borrowing calculator"
[2023-11-23 01:54:03 [32minfo[39m]: Launch the application
[2023-11-23 01:55:11 [32minfo[39m]: Application launched successfully
[2023-11-23 01:55:11 [32minfo[39m]: The status of the test case is:= FAILED
[2023-11-23 01:55:12 [32minfo[39m]: Executing scenario: "Test to capture error scenario"
[2023-11-23 01:55:12 [32minfo[39m]: Launch the application
[2023-11-23 01:56:20 [32minfo[39m]: Application launched successfully
[2023-11-23 01:56:20 [32minfo[39m]: The status of the test case is:= FAILED
