[2023-11-23 01:15:32 [32minfo[39m]: Starting the testsuite execution
[2023-11-23 01:15:32 [32minfo[39m]: Starting "chrome" browser for test execution
[2023-11-23 01:15:33 [32minfo[39m]: Executing scenario: "Verify Single Borrower Calculation"
[2023-11-23 01:15:33 [32minfo[39m]: Launch the application
[2023-11-23 01:16:41 [32minfo[39m]: Application launched successfully
[2023-11-23 01:16:42 [32minfo[39m]: Waiting for 2 seconds to application to respond
[2023-11-23 01:16:45 [32minfo[39m]: The status of the test case is:= FAILED
[2023-11-23 01:16:46 [32minfo[39m]: Executing scenario: "Start Joint Borrowing calculator"
[2023-11-23 01:16:46 [32minfo[39m]: Launch the application
[2023-11-23 01:17:54 [32minfo[39m]: Application launched successfully
[2023-11-23 01:17:54 [32minfo[39m]: Waiting for 2 seconds to application to respond
[2023-11-23 01:17:57 [32minfo[39m]: The status of the test case is:= FAILED
