[2023-11-22 01:34:32 [32minfo[39m]: Starting the testsuite execution
[2023-11-22 01:34:32 [32minfo[39m]: Starting "chrome" browser for test execution
[2023-11-22 01:34:33 [32minfo[39m]: Executing scenario: "Verify Single Borrower Calculation"
[2023-11-22 01:34:33 [32minfo[39m]: Launch the application
[2023-11-22 01:35:03 [32minfo[39m]: The status of the test case is:= FAILED
[2023-11-22 01:35:03 [32minfo[39m]: Executing scenario: "Start Joint Borrowing calculator"
[2023-11-22 01:35:03 [32minfo[39m]: Launch the application
[2023-11-22 01:35:05 [32minfo[39m]: The status of the test case is:= FAILED
[2023-11-22 01:35:05 [32minfo[39m]: Executing scenario: "Test to capture error scenario"
[2023-11-22 01:35:05 [32minfo[39m]: Launch the application
[2023-11-22 01:35:08 [32minfo[39m]: The status of the test case is:= FAILED
