[2023-11-22 23:48:39 [32minfo[39m]: Starting the testsuite execution
[2023-11-22 23:48:39 [32minfo[39m]: Starting "chrome" browser for test execution
[2023-11-22 23:48:39 [32minfo[39m]: Executing scenario: "Verify Single Borrower Calculation"
[2023-11-22 23:48:40 [32minfo[39m]: Launch the application
[2023-11-22 23:49:46 [32minfo[39m]: Application launched successfully
[2023-11-22 23:51:47 [32minfo[39m]: The status of the test case is:= FAILED
[2023-11-22 23:51:47 [32minfo[39m]: Executing scenario: "Start Joint Borrowing calculator"
[2023-11-22 23:51:47 [32minfo[39m]: Launch the application
[2023-11-22 23:52:54 [32minfo[39m]: Application launched successfully
[2023-11-22 23:54:54 [32minfo[39m]: The status of the test case is:= FAILED
[2023-11-22 23:54:54 [32minfo[39m]: Executing scenario: "Test to capture error scenario"
[2023-11-22 23:54:55 [32minfo[39m]: Launch the application
[2023-11-22 23:56:01 [32minfo[39m]: Application launched successfully
[2023-11-22 23:57:56 [32minfo[39m]: The status of the test case is:= FAILED
