[2023-11-22 23:58:01 [32minfo[39m]: Starting the testsuite execution
[2023-11-22 23:58:01 [32minfo[39m]: Starting "chrome" browser for test execution
[2023-11-22 23:58:01 [32minfo[39m]: Executing scenario: "Verify Single Borrower Calculation"
[2023-11-22 23:58:02 [32minfo[39m]: Launch the application
[2023-11-22 23:59:03 [32minfo[39m]: Application launched successfully
[2023-11-23 00:01:04 [32minfo[39m]: The status of the test case is:= FAILED
[2023-11-23 00:01:04 [32minfo[39m]: Executing scenario: "Start Joint Borrowing calculator"
[2023-11-23 00:01:04 [32minfo[39m]: Launch the application
[2023-11-23 00:02:05 [32minfo[39m]: Application launched successfully
[2023-11-23 00:04:05 [32minfo[39m]: The status of the test case is:= FAILED
[2023-11-23 00:04:05 [32minfo[39m]: Executing scenario: "Test to capture error scenario"
[2023-11-23 00:04:05 [32minfo[39m]: Launch the application
[2023-11-23 00:04:18 [32minfo[39m]: The status of the test case is:= FAILED
