[2023-11-23 01:21:15 [32minfo[39m]: Starting the testsuite execution
[2023-11-23 01:21:15 [32minfo[39m]: Starting "chrome" browser for test execution
[2023-11-23 01:21:15 [32minfo[39m]: Executing scenario: "Verify Single Borrower Calculation"
[2023-11-23 01:21:16 [32minfo[39m]: Launch the application
[2023-11-23 01:22:24 [32minfo[39m]: Application launched successfully
[2023-11-23 01:22:24 [32minfo[39m]: Waiting for 2 seconds to application to respond
[2023-11-23 01:22:27 [32minfo[39m]: The status of the test case is:= FAILED
[2023-11-23 01:22:28 [32minfo[39m]: Executing scenario: "Start Joint Borrowing calculator"
[2023-11-23 01:22:29 [32minfo[39m]: Launch the application
[2023-11-23 01:23:36 [32minfo[39m]: Application launched successfully
[2023-11-23 01:23:36 [32minfo[39m]: Waiting for 2 seconds to application to respond
[2023-11-23 01:23:40 [32minfo[39m]: The status of the test case is:= FAILED
