[2023-11-23 01:12:09 [32minfo[39m]: Starting the testsuite execution
[2023-11-23 01:12:09 [32minfo[39m]: Starting "chrome" browser for test execution
[2023-11-23 01:12:10 [32minfo[39m]: Executing scenario: "Verify Single Borrower Calculation"
[2023-11-23 01:12:10 [32minfo[39m]: Launch the application
[2023-11-23 01:13:18 [32minfo[39m]: Application launched successfully
[2023-11-23 01:13:18 [32minfo[39m]: Waiting for 2 seconds to application to respond
[2023-11-23 01:13:22 [32minfo[39m]: The status of the test case is:= FAILED
[2023-11-23 01:13:23 [32minfo[39m]: Executing scenario: "Start Joint Borrowing calculator"
[2023-11-23 01:13:23 [32minfo[39m]: Launch the application
[2023-11-23 01:14:30 [32minfo[39m]: Application launched successfully
[2023-11-23 01:14:31 [32minfo[39m]: Waiting for 2 seconds to application to respond
[2023-11-23 01:14:33 [32minfo[39m]: The status of the test case is:= FAILED
